Build started 28/09/2011 05:53:25.
     1>Project "C:\Users\Bruno\Documents\Mestrado\2011.2\Dissertação\AdaptiveShooter\solution\AdaptiveShooter\AdaptiveShooter.vcxproj" on node 2 (build target(s)).
     1>InitializeBuildStatus:
         Touching "Debug\AdaptiveShooter.unsuccessfulbuild".
       ClCompile:
         All outputs are up-to-date.
         c:\Program Files (x86)\Microsoft Visual Studio 10.0\VC\bin\CL.exe /c /I..\..\dependences\clanlib2.3.3\include /I..\..\dependences\external\include /I"C:\Program Files (x86)\Microsoft DirectX SDK (June 2010)\Include" /ZI /nologo /W3 /WX- /Od /Oy- /D WIN32 /D _DEBUG /D _WINDOWS /D _UNICODE /D UNICODE /Gm /EHsc /RTC1 /MTd /GS /fp:precise /Zc:wchar_t /Zc:forScope /Fo"Debug\\" /Fd"Debug\vc100.pdb" /Gd /TP /analyze- /errorReport:prompt ..\..\src\AdaptiveShooter\main.cpp
         main.cpp
       ManifestResourceCompile:
         All outputs are up-to-date.
       Link:
         c:\Program Files (x86)\Microsoft Visual Studio 10.0\VC\bin\link.exe /ERRORREPORT:PROMPT /OUT:"C:\Users\Bruno\Documents\Mestrado\2011.2\Dissertação\AdaptiveShooter\solution\Debug\AdaptiveShooter.exe" /INCREMENTAL /NOLOGO /LIBPATH:..\..\dependences\clanlib2.3.3\lib\Win32 /LIBPATH:..\..\dependences\external\lib\Win32 /LIBPATH:"C:\Program Files (x86)\Microsoft DirectX SDK (June 2010)\Lib\x86" kernel32.lib user32.lib gdi32.lib winspool.lib comdlg32.lib advapi32.lib shell32.lib ole32.lib oleaut32.lib uuid.lib odbc32.lib odbccp32.lib /MANIFEST /ManifestFile:"Debug\AdaptiveShooter.exe.intermediate.manifest" /MANIFESTUAC:"level='asInvoker' uiAccess='false'" /DEBUG /PDB:"C:\Users\Bruno\Documents\Mestrado\2011.2\Dissertação\AdaptiveShooter\solution\Debug\AdaptiveShooter.pdb" /SUBSYSTEM:WINDOWS /TLBID:1 /DYNAMICBASE /NXCOMPAT /IMPLIB:"C:\Users\Bruno\Documents\Mestrado\2011.2\Dissertação\AdaptiveShooter\solution\Debug\AdaptiveShooter.lib" /MACHINE:X86 Debug\AdaptiveShooter.exe.embed.manifest.res
         Debug\main.obj
       Manifest:
         C:\Program Files (x86)\Microsoft SDKs\Windows\v7.0A\bin\mt.exe /nologo /verbose /out:"Debug\AdaptiveShooter.exe.embed.manifest" /manifest Debug\AdaptiveShooter.exe.intermediate.manifest
         All outputs are up-to-date.
       LinkEmbedManifest:
         All outputs are up-to-date.
         AdaptiveShooter.vcxproj -> C:\Users\Bruno\Documents\Mestrado\2011.2\Dissertação\AdaptiveShooter\solution\Debug\AdaptiveShooter.exe
       FinalizeBuildStatus:
         Deleting file "Debug\AdaptiveShooter.unsuccessfulbuild".
         Touching "Debug\AdaptiveShooter.lastbuildstate".
     1>Done Building Project "C:\Users\Bruno\Documents\Mestrado\2011.2\Dissertação\AdaptiveShooter\solution\AdaptiveShooter\AdaptiveShooter.vcxproj" (build target(s)).

Build succeeded.

Time Elapsed 00:00:20.46
